liyiwen@laputa:/usr/lind_project/repy/repy$ ../bin/sel_ldr -a -- /glibc/runnable-ld.so --library-path /glibc ./test_case/bash/bash.nexe ./test_case/syscall_timing/script_01
[12253,1311364992:13:49:21.830719] [NaCl Main Loader] NaCl Loader started! 

DEBUG MODE ENABLED (bypass acl)
Lind v0.Last commit:
Opening file system...
done.
[12253,1311364992:13:49:21.937184] Native Client module will be loaded at base address 0x00007f2d00000000
[12253,1311364992:13:49:21.943434] Native Client module will be loaded at base address 0x0000113200000000
[12253,1311364992:13:49:21.950020] Native Client module will be loaded at base address 0x000075e700000000
[12253,1311364992:13:49:21.956475] Native Client module will be loaded at base address 0x0000191200000000
[12253,1311364992:13:49:21.962585] Native Client module will be loaded at base address 0x00002baa00000000
[12253,1311364992:13:49:21.968626] Native Client module will be loaded at base address 0x0000533800000000
[12253,1311364992:13:49:21.974922] Native Client module will be loaded at base address 0x0000457d00000000
[12253,1311364992:13:49:21.981046] [NaCl Main Loader] NaCl Loader: before creation of the cage to run user program! 

[NaCl Main Loader] NaCl Loader: user program about to start running inside the cage! \n[NaClSysCallInterface] cage id = 1, syscall_num = NACL_sys_brk 
[NaClSysCallInterface] cage id = 1, syscall_num = NACL_sys_brk 
[NaClSysCallInterface] cage id = 1, syscall_num = NACL_sys_open 
[NaClSysCallInterface] cage id = 1, syscall_num = NACL_sys_read 
[NaClSysCallInterface] cage id = 1, syscall_num = NACL_sys_lseek 
[NaClSysCallInterface] cage id = 1, syscall_num = NACL_sys_read 
[NaClSysCallInterface] cage id = 1, syscall_num = NACL_sys_fstat 
[NaClSysCallInterface] cage id = 1, syscall_num = NACL_sys_mmap 
[NaClSysCallInterface] cage id = 1, syscall_num = NACL_sys_mmap 
[NaClSysCallInterface] cage id = 1, syscall_num = NACL_sys_mmap 
[NaClSysCallInterface] cage id = 1, syscall_num = NACL_sys_dyncode_create 
[NaClSysCallInterface] cage id = 1, syscall_num = NACL_sys_munmap 
[NaClSysCallInterface] cage id = 1, syscall_num = NACL_sys_mmap 
[NaClSysCallInterface] cage id = 1, syscall_num = NACL_sys_mmap 
[NaClSysCallInterface] cage id = 1, syscall_num = NACL_sys_mmap 
[NaClSysCallInterface] cage id = 1, syscall_num = NACL_sys_close 
[NaClSysCallInterface] cage id = 1, syscall_num = NACL_sys_mutex_create 
[NaClSysCallInterface] cage id = 1, syscall_num = NACL_sys_lind_syscall 
[NaClSysCallInterface] cage id = 1, syscall_num = NACL_sys_open 
[NaClSysCallInterface] cage id = 1, syscall_num = NACL_sys_read 
[NaClSysCallInterface] cage id = 1, syscall_num = NACL_sys_lseek 
[NaClSysCallInterface] cage id = 1, syscall_num = NACL_sys_read 
[NaClSysCallInterface] cage id = 1, syscall_num = NACL_sys_fstat 
[NaClSysCallInterface] cage id = 1, syscall_num = NACL_sys_mmap 
[NaClSysCallInterface] cage id = 1, syscall_num = NACL_sys_mmap 
[NaClSysCallInterface] cage id = 1, syscall_num = NACL_sys_mmap 
[NaClSysCallInterface] cage id = 1, syscall_num = NACL_sys_dyncode_create 
[NaClSysCallInterface] cage id = 1, syscall_num = NACL_sys_munmap 
[NaClSysCallInterface] cage id = 1, syscall_num = NACL_sys_mmap 
[NaClSysCallInterface] cage id = 1, syscall_num = NACL_sys_mmap 
[NaClSysCallInterface] cage id = 1, syscall_num = NACL_sys_mmap 
[NaClSysCallInterface] cage id = 1, syscall_num = NACL_sys_close 
[NaClSysCallInterface] cage id = 1, syscall_num = NACL_sys_open 
[NaClSysCallInterface] cage id = 1, syscall_num = NACL_sys_read 
[NaClSysCallInterface] cage id = 1, syscall_num = NACL_sys_lseek 
[NaClSysCallInterface] cage id = 1, syscall_num = NACL_sys_read 
[NaClSysCallInterface] cage id = 1, syscall_num = NACL_sys_fstat 
[NaClSysCallInterface] cage id = 1, syscall_num = NACL_sys_mmap 
[NaClSysCallInterface] cage id = 1, syscall_num = NACL_sys_mmap 
[NaClSysCallInterface] cage id = 1, syscall_num = NACL_sys_mmap 
[NaClSysCallInterface] cage id = 1, syscall_num = NACL_sys_dyncode_create 
[NaClSysCallInterface] cage id = 1, syscall_num = NACL_sys_munmap 
[NaClSysCallInterface] cage id = 1, syscall_num = NACL_sys_mmap 
[NaClSysCallInterface] cage id = 1, syscall_num = NACL_sys_mmap 
[NaClSysCallInterface] cage id = 1, syscall_num = NACL_sys_mmap 
[NaClSysCallInterface] cage id = 1, syscall_num = NACL_sys_close 
[NaClSysCallInterface] cage id = 1, syscall_num = NACL_sys_open 
[NaClSysCallInterface] cage id = 1, syscall_num = NACL_sys_read 
[NaClSysCallInterface] cage id = 1, syscall_num = NACL_sys_lseek 
[NaClSysCallInterface] cage id = 1, syscall_num = NACL_sys_read 
[NaClSysCallInterface] cage id = 1, syscall_num = NACL_sys_fstat 
[NaClSysCallInterface] cage id = 1, syscall_num = NACL_sys_mmap 
[NaClSysCallInterface] cage id = 1, syscall_num = NACL_sys_mmap 
[NaClSysCallInterface] cage id = 1, syscall_num = NACL_sys_mmap 
[NaClSysCallInterface] cage id = 1, syscall_num = NACL_sys_dyncode_create 
[NaClSysCallInterface] cage id = 1, syscall_num = NACL_sys_munmap 
[NaClSysCallInterface] cage id = 1, syscall_num = NACL_sys_mmap 
[NaClSysCallInterface] cage id = 1, syscall_num = NACL_sys_mmap 
[NaClSysCallInterface] cage id = 1, syscall_num = NACL_sys_mmap 
[NaClSysCallInterface] cage id = 1, syscall_num = NACL_sys_close 
[NaClSysCallInterface] cage id = 1, syscall_num = NACL_sys_tls_init 
[NaClSysCallInterface] cage id = 1, syscall_num = NACL_sys_open 
[NaClSysCallInterface] cage id = 1, syscall_num = NACL_sys_close 
[NaClSysCallInterface] cage id = 1, syscall_num = NACL_sys_brk 
[NaClSysCallInterface] cage id = 1, syscall_num = NACL_sys_brk 
[NaClSysCallInterface] cage id = 1, syscall_num = NACL_sys_brk 
[NaClSysCallInterface] cage id = 1, syscall_num = NACL_sys_brk 
[NaClSysCallInterface] cage id = 1, syscall_num = NACL_sys_brk 
[NaClSysCallInterface] cage id = 1, syscall_num = NACL_sys_brk 
[NaClSysCallInterface] cage id = 1, syscall_num = NACL_sys_brk 
[NaClSysCallInterface] cage id = 1, syscall_num = NACL_sys_brk 
[NaClSysCallInterface] cage id = 1, syscall_num = NACL_sys_gettimeofday 
[NaClSysCallInterface] cage id = 1, syscall_num = NACL_sys_brk 
[NaClSysCallInterface] cage id = 1, syscall_num = NACL_sys_brk 
[NaClSysCallInterface] cage id = 1, syscall_num = NACL_sys_lind_syscall 
[NaClSysCallInterface] cage id = 1, syscall_num = NACL_sys_brk 
[NaClSysCallInterface] cage id = 1, syscall_num = NACL_sys_brk 
[NaClSysCallInterface] cage id = 1, syscall_num = NACL_sys_stat 
[NaClSysCallInterface] cage id = 1, syscall_num = NACL_sys_stat 
[NaClSysCallInterface] cage id = 1, syscall_num = NACL_sys_lind_syscall 
[NaClSysCallInterface] cage id = 1, syscall_num = NACL_sys_lind_syscall 
[NaClSysCallInterface] cage id = 1, syscall_num = NACL_sys_lind_syscall 
[NaClSysCallInterface] cage id = 1, syscall_num = NACL_sys_lind_syscall 
[NaClSysCallInterface] cage id = 1, syscall_num = NACL_sys_open 
[NaClSysCallInterface] cage id = 1, syscall_num = NACL_sys_fstat 
[NaClSysCallInterface] cage id = 1, syscall_num = NACL_sys_mmap 
[NaClSysCallInterface] cage id = 1, syscall_num = NACL_sys_read 
[NaClSysCallInterface] cage id = 1, syscall_num = NACL_sys_close 
[NaClSysCallInterface] cage id = 1, syscall_num = NACL_sys_munmap 
[NaClSysCallInterface] cage id = 1, syscall_num = NACL_sys_open 
[NaClSysCallInterface] cage id = 1, syscall_num = NACL_sys_read 
[NaClSysCallInterface] cage id = 1, syscall_num = NACL_sys_close 
[NaClSysCallInterface] cage id = 1, syscall_num = NACL_sys_open 
[NaClSysCallInterface] cage id = 1, syscall_num = NACL_sys_read 
[NaClSysCallInterface] cage id = 1, syscall_num = NACL_sys_close 
[NaClSysCallInterface] cage id = 1, syscall_num = NACL_sys_gettimeofday 
[NaClSysCallInterface] cage id = 1, syscall_num = NACL_sys_lind_syscall 
[NaClSysCallInterface] cage id = 1, syscall_num = NACL_sys_open 
[NaClSysCallInterface] cage id = 1, syscall_num = NACL_sys_stat 
[NaClSysCallInterface] cage id = 1, syscall_num = NACL_sys_lind_syscall 
[NaClSysCallInterface] cage id = 1, syscall_num = NACL_sys_lseek 
[NaClSysCallInterface] cage id = 1, syscall_num = NACL_sys_read 
[NaClSysCallInterface] cage id = 1, syscall_num = NACL_sys_lseek 
[NaClSysCallInterface] cage id = 1, syscall_num = NACL_sys_lind_syscall 
[NaClSysCallInterface] cage id = 1, syscall_num = NACL_sys_dup2 
[NaClSysCallInterface] cage id = 1, syscall_num = NACL_sys_close 
[NaClSysCallInterface] cage id = 1, syscall_num = NACL_sys_lind_syscall 
[NaClSysCallInterface] cage id = 1, syscall_num = NACL_sys_lind_syscall 
[NaClSysCallInterface] cage id = 1, syscall_num = NACL_sys_fstat 
[NaClSysCallInterface] cage id = 1, syscall_num = NACL_sys_lseek 
[NaClSysCallInterface] cage id = 1, syscall_num = NACL_sys_read 
[NaClSysCallInterface] cage id = 1, syscall_num = NACL_sys_stat 
[NaClSysCallInterface] cage id = 1, syscall_num = NACL_sys_stat 
[NaClSysCallInterface] cage id = 1, syscall_num = NACL_sys_stat 
[NaClSysCallInterface] cage id = 1, syscall_num = NACL_sys_stat 
[NaClSysCallInterface] cage id = 1, syscall_num = NACL_sys_stat 
[NaClSysCallInterface] cage id = 1, syscall_num = NACL_sys_stat 
[NaClSysCallInterface] cage id = 1, syscall_num = NACL_sys_stat 
[NaClSysCallInterface] cage id = 1, syscall_num = NACL_sys_lind_syscall 
[NaClSysCallInterface] cage id = 1, syscall_num = NACL_sys_lind_syscall 
[NaClSysCallInterface] cage id = 1, syscall_num = NACL_sys_lind_syscall 
[NaClSysCallInterface] cage id = 1, syscall_num = NACL_sys_lind_syscall 
[NaClSysCallInterface] cage id = 1, syscall_num = NACL_sys_stat 
[NaClSysCallInterface] cage id = 1, syscall_num = NACL_sys_lind_syscall 
[NaClSysCallInterface] cage id = 1, syscall_num = NACL_sys_lind_syscall 
[NaClSysCallInterface] cage id = 1, syscall_num = NACL_sys_lind_syscall 
[NaClSysCallInterface] cage id = 1, syscall_num = NACL_sys_lind_syscall 
[NaClSysCallInterface] cage id = 1, syscall_num = NACL_sys_stat 
[NaClSysCallInterface] cage id = 1, syscall_num = NACL_sys_stat 
[NaClSysCallInterface] cage id = 1, syscall_num = NACL_sys_stat 
[NaClSysCallInterface] cage id = 1, syscall_num = NACL_sys_stat 
[NaClSysCallInterface] cage id = 1, syscall_num = NACL_sys_stat 
[NaClSysCallInterface] cage id = 1, syscall_num = NACL_sys_lind_syscall 
[NaClSysCallInterface] cage id = 1, syscall_num = NACL_sys_lind_syscall 
[NaClSysCallInterface] cage id = 1, syscall_num = NACL_sys_lind_syscall 
[NaClSysCallInterface] cage id = 1, syscall_num = NACL_sys_lind_syscall 
[NaClSysCallInterface] cage id = 1, syscall_num = NACL_sys_stat 
[NaClSysCallInterface] cage id = 1, syscall_num = NACL_sys_lind_syscall 
[NaClSysCallInterface] cage id = 1, syscall_num = NACL_sys_lind_syscall 
[NaClSysCallInterface] cage id = 1, syscall_num = NACL_sys_lind_syscall 
[NaClSysCallInterface] cage id = 1, syscall_num = NACL_sys_lind_syscall 
[NaClSysCallInterface] cage id = 1, syscall_num = NACL_sys_fork 
[NaClSysCallInterface] cage id = 1, syscall_num = NACL_sys_waitpid 
[NaClSysCallInterface] cage id = 1000, syscall_num = NACL_sys_brk 
[NaClSysCallInterface] cage id = 1000, syscall_num = NACL_sys_brk 
[NaClSysCallInterface] cage id = 1, syscall_num = NACL_sys_write 
[NaClSysCallInterface] cage id = 1000, syscall_num = NACL_sys_open 
Unknown signal 111
[NaClSysCallInterface] cage id = 1, syscall_num = NACL_sys_read 
[NaClSysCallInterface] cage id = 1, syscall_num = NACL_sys_lind_syscall 
[NaClSysCallInterface] cage id = 1000, syscall_num = NACL_sys_read 
[NaClSysCallInterface] cage id = 1, syscall_num = NACL_sys_lind_syscall 
[NaClSysCallInterface] cage id = 1, syscall_num = NACL_sys_close 
[NaClSysCallInterface] cage id = 1, syscall_num = NACL_sys_exit 
[NaClSysCallInterface] cage id = 1000, syscall_num = NACL_sys_lseek 
[NaClSysCallInterface] cage id = 1000, syscall_num = NACL_sys_read 
[NaClSysCallInterface] cage id = 1000, syscall_num = NACL_sys_fstat 
[NaClSysCallInterface] cage id = 1000, syscall_num = NACL_sys_mmap 
[NaClSysCallInterface] cage id = 1000, syscall_num = NACL_sys_mmap 
[NaClSysCallInterface] cage id = 1000, syscall_num = NACL_sys_mmap 
[NaClSysCallInterface] cage id = 1000, syscall_num = NACL_sys_dyncode_create 
[NaClSysCallInterface] cage id = 1000, syscall_num = NACL_sys_munmap 
[NaClSysCallInterface] cage id = 1000, syscall_num = NACL_sys_mmap 
[NaClSysCallInterface] cage id = 1000, syscall_num = NACL_sys_mmap 
[NaClSysCallInterface] cage id = 1000, syscall_num = NACL_sys_mmap 
[NaClSysCallInterface] cage id = 1000, syscall_num = NACL_sys_close 
[NaClSysCallInterface] cage id = 1000, syscall_num = NACL_sys_mutex_create 
[NaClSysCallInterface] cage id = 1000, syscall_num = NACL_sys_lind_syscall 
[NaClSysCallInterface] cage id = 1000, syscall_num = NACL_sys_open 
[NaClSysCallInterface] cage id = 1000, syscall_num = NACL_sys_read 
[NaClSysCallInterface] cage id = 1000, syscall_num = NACL_sys_lseek 
[NaClSysCallInterface] cage id = 1000, syscall_num = NACL_sys_read 
[NaClSysCallInterface] cage id = 1000, syscall_num = NACL_sys_fstat 
[NaClSysCallInterface] cage id = 1000, syscall_num = NACL_sys_mmap 
[NaClSysCallInterface] cage id = 1000, syscall_num = NACL_sys_mmap 
[NaClSysCallInterface] cage id = 1000, syscall_num = NACL_sys_mmap 
[NaClSysCallInterface] cage id = 1000, syscall_num = NACL_sys_dyncode_create 
[NaClSysCallInterface] cage id = 1000, syscall_num = NACL_sys_munmap 
[NaClSysCallInterface] cage id = 1000, syscall_num = NACL_sys_mmap 
[NaClSysCallInterface] cage id = 1000, syscall_num = NACL_sys_mmap 
[NaClSysCallInterface] cage id = 1000, syscall_num = NACL_sys_mmap 
[NaClSysCallInterface] cage id = 1000, syscall_num = NACL_sys_close 
[NaClSysCallInterface] cage id = 1000, syscall_num = NACL_sys_open 
[NaClSysCallInterface] cage id = 1000, syscall_num = NACL_sys_read 
[NaClSysCallInterface] cage id = 1000, syscall_num = NACL_sys_lseek 
[NaClSysCallInterface] cage id = 1000, syscall_num = NACL_sys_read 
[NaClSysCallInterface] cage id = 1000, syscall_num = NACL_sys_fstat 
[NaClSysCallInterface] cage id = 1000, syscall_num = NACL_sys_mmap 
[NaClSysCallInterface] cage id = 1000, syscall_num = NACL_sys_mmap 
[NaClSysCallInterface] cage id = 1000, syscall_num = NACL_sys_mmap 
[NaClSysCallInterface] cage id = 1000, syscall_num = NACL_sys_dyncode_create 
[NaClSysCallInterface] cage id = 1000, syscall_num = NACL_sys_munmap 
[NaClSysCallInterface] cage id = 1000, syscall_num = NACL_sys_mmap 
[NaClSysCallInterface] cage id = 1000, syscall_num = NACL_sys_mmap 
[NaClSysCallInterface] cage id = 1000, syscall_num = NACL_sys_mmap 
[NaClSysCallInterface] cage id = 1000, syscall_num = NACL_sys_close 
[NaClSysCallInterface] cage id = 1000, syscall_num = NACL_sys_open 
[NaClSysCallInterface] cage id = 1000, syscall_num = NACL_sys_read 
[NaClSysCallInterface] cage id = 1000, syscall_num = NACL_sys_lseek 
[NaClSysCallInterface] cage id = 1000, syscall_num = NACL_sys_read 
[NaClSysCallInterface] cage id = 1000, syscall_num = NACL_sys_fstat 
[NaClSysCallInterface] cage id = 1000, syscall_num = NACL_sys_mmap 
[NaClSysCallInterface] cage id = 1000, syscall_num = NACL_sys_mmap 
[NaClSysCallInterface] cage id = 1000, syscall_num = NACL_sys_mmap 
[NaClSysCallInterface] cage id = 1000, syscall_num = NACL_sys_dyncode_create 
[NaClSysCallInterface] cage id = 1000, syscall_num = NACL_sys_munmap 
[NaClSysCallInterface] cage id = 1000, syscall_num = NACL_sys_mmap 
[NaClSysCallInterface] cage id = 1000, syscall_num = NACL_sys_mmap 
[NaClSysCallInterface] cage id = 1000, syscall_num = NACL_sys_mmap 
[NaClSysCallInterface] cage id = 1000, syscall_num = NACL_sys_close 
[NaClSysCallInterface] cage id = 1000, syscall_num = NACL_sys_tls_init 
[NaClSysCallInterface] cage id = 1000, syscall_num = NACL_sys_open 
[NaClSysCallInterface] cage id = 1000, syscall_num = NACL_sys_close 
[NaClSysCallInterface] cage id = 1000, syscall_num = NACL_sys_brk 
[NaClSysCallInterface] cage id = 1000, syscall_num = NACL_sys_brk 
[NaClSysCallInterface] cage id = 1000, syscall_num = NACL_sys_brk 
[NaClSysCallInterface] cage id = 1000, syscall_num = NACL_sys_brk 
[NaClSysCallInterface] cage id = 1000, syscall_num = NACL_sys_brk 
[NaClSysCallInterface] cage id = 1000, syscall_num = NACL_sys_brk 
[NaClSysCallInterface] cage id = 1000, syscall_num = NACL_sys_brk 
[NaClSysCallInterface] cage id = 1000, syscall_num = NACL_sys_brk 
[NaClSysCallInterface] cage id = 1000, syscall_num = NACL_sys_gettimeofday 
[NaClSysCallInterface] cage id = 1000, syscall_num = NACL_sys_brk 
[NaClSysCallInterface] cage id = 1000, syscall_num = NACL_sys_brk 
[NaClSysCallInterface] cage id = 1000, syscall_num = NACL_sys_lind_syscall 
[NaClSysCallInterface] cage id = 1000, syscall_num = NACL_sys_brk 
[NaClSysCallInterface] cage id = 1000, syscall_num = NACL_sys_brk 
[NaClSysCallInterface] cage id = 1000, syscall_num = NACL_sys_stat 
[NaClSysCallInterface] cage id = 1000, syscall_num = NACL_sys_stat 
[NaClSysCallInterface] cage id = 1000, syscall_num = NACL_sys_lind_syscall 
[NaClSysCallInterface] cage id = 1000, syscall_num = NACL_sys_lind_syscall 
[NaClSysCallInterface] cage id = 1000, syscall_num = NACL_sys_lind_syscall 
[NaClSysCallInterface] cage id = 1000, syscall_num = NACL_sys_lind_syscall 
[NaClSysCallInterface] cage id = 1000, syscall_num = NACL_sys_open 
[NaClSysCallInterface] cage id = 1000, syscall_num = NACL_sys_fstat 
[NaClSysCallInterface] cage id = 1000, syscall_num = NACL_sys_mmap 
[NaClSysCallInterface] cage id = 1000, syscall_num = NACL_sys_read 
[NaClSysCallInterface] cage id = 1000, syscall_num = NACL_sys_close 
[NaClSysCallInterface] cage id = 1000, syscall_num = NACL_sys_munmap 
[NaClSysCallInterface] cage id = 1000, syscall_num = NACL_sys_open 
[NaClSysCallInterface] cage id = 1000, syscall_num = NACL_sys_read 
[NaClSysCallInterface] cage id = 1000, syscall_num = NACL_sys_close 
[NaClSysCallInterface] cage id = 1000, syscall_num = NACL_sys_open 
[NaClSysCallInterface] cage id = 1000, syscall_num = NACL_sys_read 
[NaClSysCallInterface] cage id = 1000, syscall_num = NACL_sys_close 
[NaClSysCallInterface] cage id = 1000, syscall_num = NACL_sys_gettimeofday 
[NaClSysCallInterface] cage id = 1000, syscall_num = NACL_sys_lind_syscall 
[NaClSysCallInterface] cage id = 1000, syscall_num = NACL_sys_open 
[NaClSysCallInterface] cage id = 1000, syscall_num = NACL_sys_stat 
[NaClSysCallInterface] cage id = 1000, syscall_num = NACL_sys_lind_syscall 
[NaClSysCallInterface] cage id = 1000, syscall_num = NACL_sys_lseek 
[NaClSysCallInterface] cage id = 1000, syscall_num = NACL_sys_read 
[NaClSysCallInterface] cage id = 1000, syscall_num = NACL_sys_lseek 
[NaClSysCallInterface] cage id = 1000, syscall_num = NACL_sys_lind_syscall 
[NaClSysCallInterface] cage id = 1000, syscall_num = NACL_sys_dup2 
[NaClSysCallInterface] cage id = 1000, syscall_num = NACL_sys_close 
[NaClSysCallInterface] cage id = 1000, syscall_num = NACL_sys_lind_syscall 
[NaClSysCallInterface] cage id = 1000, syscall_num = NACL_sys_lind_syscall 
[NaClSysCallInterface] cage id = 1000, syscall_num = NACL_sys_fstat 
[NaClSysCallInterface] cage id = 1000, syscall_num = NACL_sys_lseek 
[NaClSysCallInterface] cage id = 1000, syscall_num = NACL_sys_read 
[NaClSysCallInterface] cage id = 1000, syscall_num = NACL_sys_stat 
[NaClSysCallInterface] cage id = 1000, syscall_num = NACL_sys_stat 
[NaClSysCallInterface] cage id = 1000, syscall_num = NACL_sys_stat 
[NaClSysCallInterface] cage id = 1000, syscall_num = NACL_sys_stat 
[NaClSysCallInterface] cage id = 1000, syscall_num = NACL_sys_stat 
[NaClSysCallInterface] cage id = 1000, syscall_num = NACL_sys_stat 
[NaClSysCallInterface] cage id = 1000, syscall_num = NACL_sys_stat 
[NaClSysCallInterface] cage id = 1000, syscall_num = NACL_sys_lind_syscall 
[NaClSysCallInterface] cage id = 1000, syscall_num = NACL_sys_lind_syscall 
[NaClSysCallInterface] cage id = 1000, syscall_num = NACL_sys_lind_syscall 
[NaClSysCallInterface] cage id = 1000, syscall_num = NACL_sys_lind_syscall 
[NaClSysCallInterface] cage id = 1000, syscall_num = NACL_sys_stat 
[NaClSysCallInterface] cage id = 1000, syscall_num = NACL_sys_lind_syscall 
[NaClSysCallInterface] cage id = 1000, syscall_num = NACL_sys_lind_syscall 
[NaClSysCallInterface] cage id = 1000, syscall_num = NACL_sys_lind_syscall 
[NaClSysCallInterface] cage id = 1000, syscall_num = NACL_sys_lind_syscall 
[NaClSysCallInterface] cage id = 1000, syscall_num = NACL_sys_stat 
[NaClSysCallInterface] cage id = 1000, syscall_num = NACL_sys_stat 
[NaClSysCallInterface] cage id = 1000, syscall_num = NACL_sys_stat 
[NaClSysCallInterface] cage id = 1000, syscall_num = NACL_sys_stat 
[NaClSysCallInterface] cage id = 1000, syscall_num = NACL_sys_stat 
[NaClSysCallInterface] cage id = 1000, syscall_num = NACL_sys_lind_syscall 
[NaClSysCallInterface] cage id = 1000, syscall_num = NACL_sys_lind_syscall 
[NaClSysCallInterface] cage id = 1000, syscall_num = NACL_sys_lind_syscall 
[NaClSysCallInterface] cage id = 1000, syscall_num = NACL_sys_lind_syscall 
[NaClSysCallInterface] cage id = 1000, syscall_num = NACL_sys_stat 
[NaClSysCallInterface] cage id = 1000, syscall_num = NACL_sys_lind_syscall 
[NaClSysCallInterface] cage id = 1000, syscall_num = NACL_sys_lind_syscall 
[NaClSysCallInterface] cage id = 1000, syscall_num = NACL_sys_lind_syscall 
[NaClSysCallInterface] cage id = 1000, syscall_num = NACL_sys_lind_syscall 
[NaClSysCallInterface] cage id = 1000, syscall_num = NACL_sys_fork 
[NaClSysCallInterface] cage id = 1000, syscall_num = NACL_sys_close 
[NaClSysCallInterface] cage id = 1000, syscall_num = NACL_sys_lind_syscall 
[NaClSysCallInterface] cage id = 1000, syscall_num = NACL_sys_execve 
[NaCl Main Loader] NaCl Loader: user program about to start running inside the cage! \n[NaClSysCallInterface] cage id = 1000, syscall_num = NACL_sys_brk 
[NaClSysCallInterface] cage id = 1000, syscall_num = NACL_sys_brk 
[NaClSysCallInterface] cage id = 1000, syscall_num = NACL_sys_open 
[NaClSysCallInterface] cage id = 1000, syscall_num = NACL_sys_read 
[NaClSysCallInterface] cage id = 1000, syscall_num = NACL_sys_lseek 
[NaClSysCallInterface] cage id = 1000, syscall_num = NACL_sys_read 
[NaClSysCallInterface] cage id = 1000, syscall_num = NACL_sys_fstat 
[NaClSysCallInterface] cage id = 1000, syscall_num = NACL_sys_mmap 
[NaClSysCallInterface] cage id = 1000, syscall_num = NACL_sys_mmap 
[NaClSysCallInterface] cage id = 1000, syscall_num = NACL_sys_mmap 
[NaClSysCallInterface] cage id = 1000, syscall_num = NACL_sys_dyncode_create 
[NaClSysCallInterface] cage id = 1000, syscall_num = NACL_sys_munmap 
[NaClSysCallInterface] cage id = 1000, syscall_num = NACL_sys_mmap 
[NaClSysCallInterface] cage id = 1000, syscall_num = NACL_sys_mmap 
[NaClSysCallInterface] cage id = 1000, syscall_num = NACL_sys_mmap 
[NaClSysCallInterface] cage id = 1000, syscall_num = NACL_sys_close 
[NaClSysCallInterface] cage id = 1000, syscall_num = NACL_sys_mutex_create 
[NaClSysCallInterface] cage id = 1000, syscall_num = NACL_sys_lind_syscall 
[NaClSysCallInterface] cage id = 1000, syscall_num = NACL_sys_open 
[NaClSysCallInterface] cage id = 1000, syscall_num = NACL_sys_read 
[NaClSysCallInterface] cage id = 1000, syscall_num = NACL_sys_lseek 
[NaClSysCallInterface] cage id = 1000, syscall_num = NACL_sys_read 
[NaClSysCallInterface] cage id = 1000, syscall_num = NACL_sys_fstat 
[NaClSysCallInterface] cage id = 1000, syscall_num = NACL_sys_mmap 
[NaClSysCallInterface] cage id = 1000, syscall_num = NACL_sys_mmap 
[NaClSysCallInterface] cage id = 1000, syscall_num = NACL_sys_mmap 
[NaClSysCallInterface] cage id = 1000, syscall_num = NACL_sys_dyncode_create 
[NaClSysCallInterface] cage id = 1000, syscall_num = NACL_sys_munmap 
[NaClSysCallInterface] cage id = 1000, syscall_num = NACL_sys_mmap 
[NaClSysCallInterface] cage id = 1000, syscall_num = NACL_sys_mmap 
[NaClSysCallInterface] cage id = 1000, syscall_num = NACL_sys_mmap 
[NaClSysCallInterface] cage id = 1000, syscall_num = NACL_sys_close 
[NaClSysCallInterface] cage id = 1000, syscall_num = NACL_sys_open 
[NaClSysCallInterface] cage id = 1000, syscall_num = NACL_sys_read 
[NaClSysCallInterface] cage id = 1000, syscall_num = NACL_sys_lseek 
[NaClSysCallInterface] cage id = 1000, syscall_num = NACL_sys_read 
[NaClSysCallInterface] cage id = 1000, syscall_num = NACL_sys_fstat 
[NaClSysCallInterface] cage id = 1000, syscall_num = NACL_sys_mmap 
[NaClSysCallInterface] cage id = 1000, syscall_num = NACL_sys_mmap 
[NaClSysCallInterface] cage id = 1000, syscall_num = NACL_sys_mmap 
[NaClSysCallInterface] cage id = 1000, syscall_num = NACL_sys_dyncode_create 
[NaClSysCallInterface] cage id = 1000, syscall_num = NACL_sys_munmap 
[NaClSysCallInterface] cage id = 1000, syscall_num = NACL_sys_mmap 
[NaClSysCallInterface] cage id = 1000, syscall_num = NACL_sys_mmap 
[NaClSysCallInterface] cage id = 1000, syscall_num = NACL_sys_mmap 
[NaClSysCallInterface] cage id = 1000, syscall_num = NACL_sys_close 
[NaClSysCallInterface] cage id = 1000, syscall_num = NACL_sys_tls_init 
[NaClSysCallInterface] cage id = 1000, syscall_num = NACL_sys_brk 
[NaClSysCallInterface] cage id = 1000, syscall_num = NACL_sys_brk 
[NaClSysCallInterface] cage id = 1000, syscall_num = NACL_sys_brk 
[NaClSysCallInterface] cage id = 1000, syscall_num = NACL_sys_fstat 
[12253,1250699008:13:49:22.231077] NaClAbiStatHostDescStatXlateCtor: Unusual NaCl descriptor type (not constructible). The NaCl app has a file with st_mode = 0140666. (This is normal for std{in,out,err}, or other inherited/injected files.)
[NaClSysCallInterface] cage id = 1000, syscall_num = NACL_sys_lind_syscall 
[NaClSysCallInterface] cage id = 1000, syscall_num = NACL_sys_open 
[NaClSysCallInterface] cage id = 1000, syscall_num = NACL_sys_fstat 
[NaClSysCallInterface] cage id = 1000, syscall_num = NACL_sys_read 
[NaClSysCallInterface] cage id = 1000, syscall_num = NACL_sys_fstat 
[12253,1250699008:13:49:22.232405] NaClAbiStatHostDescStatXlateCtor: Unusual NaCl descriptor type (not constructible). The NaCl app has a file with st_mode = 0140666. (This is normal for std{in,out,err}, or other inherited/injected files.)
[NaClSysCallInterface] cage id = 1000, syscall_num = NACL_sys_mmap 
[NaClSysCallInterface] cage id = 1000, syscall_num = NACL_sys_read 
[NaClSysCallInterface] cage id = 1000, syscall_num = NACL_sys_close 
[NaClSysCallInterface] cage id = 1000, syscall_num = NACL_sys_write 
<line 02> Hello World!
[NaClSysCallInterface] cage id = 1000, syscall_num = NACL_sys_close 
[NaClSysCallInterface] cage id = 1000, syscall_num = NACL_sys_munmap 
[NaClSysCallInterface] cage id = 1000, syscall_num = NACL_sys_close 
[NaClSysCallInterface] cage id = 1000, syscall_num = NACL_sys_close 
[NaClSysCallInterface] cage id = 1000, syscall_num = NACL_sys_exit 
[12253,1311364992:13:49:22.232906] [NaClMain] End of the program! 

[12253,1311364992:13:49:22.232931] [NaClMain] NaCl main program time spent = 0.395143 
[12253,1311364992:13:49:22.232973] [NaClMain] NaCl initialization time spent = 0.144307 
Persisting metadata: ...
Done persisting metadata.
Terminated

